TN:
SF:src/services/solanaKeyService.ts
FN:18,derivationPath
FN:28,deriveKeypair
FN:39,keypairFromStoredKey
FN:45,deriveWallets
FN:59,isValidAddress
FNF:5
FNH:5
FNDA:45,derivationPath
FNDA:30,deriveKeypair
FNDA:1,keypairFromStoredKey
FNDA:7,deriveWallets
FNDA:9,isValidAddress
DA:1,1
DA:2,1
DA:3,1
DA:4,1
DA:5,1
DA:6,1
DA:7,1
DA:8,1
DA:9,1
DA:10,1
DA:11,1
DA:12,1
DA:13,1
DA:14,1
DA:15,1
DA:16,1
DA:17,1
DA:18,1
DA:19,45
DA:20,45
DA:21,45
DA:22,45
DA:23,1
DA:24,1
DA:25,1
DA:26,1
DA:27,1
DA:28,1
DA:29,30
DA:30,2
DA:31,2
DA:32,28
DA:33,28
DA:34,28
DA:35,28
DA:36,30
DA:37,1
DA:38,1
DA:39,1
DA:40,1
DA:41,1
DA:42,1
DA:43,1
DA:44,1
DA:45,1
DA:46,7
DA:47,17
DA:48,17
DA:49,17
DA:50,17
DA:51,17
DA:52,17
DA:53,17
DA:54,17
DA:55,17
DA:56,7
DA:57,7
DA:58,1
DA:59,1
DA:60,9
DA:61,9
DA:62,9
DA:63,9
DA:64,5
DA:65,5
DA:66,9
DA:67,1
LF:67
LH:67
BRDA:18,0,0,45
BRDA:28,1,0,30
BRDA:29,2,0,2
BRDA:31,3,0,28
BRDA:39,4,0,1
BRDA:45,5,0,7
BRDA:46,6,0,17
BRDA:59,7,0,9
BRDA:63,8,0,5
BRF:9
BRH:9
end_of_record
TN:
SF:src/services/solanaService.ts
FN:11,<instance_members_initializer>
FN:13,SolanaService
FN:17,getConnection
FN:22,getBalance
FN:32,estimateFee
FN:57,sendSOL
FN:95,requestAirdrop
FNF:7
FNH:6
FNDA:11,<instance_members_initializer>
FNDA:11,SolanaService
FNDA:0,getConnection
FNDA:4,getBalance
FNDA:2,estimateFee
FNDA:4,sendSOL
FNDA:1,requestAirdrop
DA:1,1
DA:2,1
DA:3,1
DA:4,1
DA:5,1
DA:6,1
DA:7,1
DA:8,1
DA:9,1
DA:10,1
DA:11,1
DA:12,1
DA:13,1
DA:14,11
DA:15,11
DA:16,1
DA:17,1
DA:18,0
DA:19,0
DA:20,1
DA:21,1
DA:22,1
DA:23,4
DA:24,4
DA:25,4
DA:26,4
DA:27,1
DA:28,1
DA:29,1
DA:30,1
DA:31,1
DA:32,1
DA:33,2
DA:34,2
DA:35,2
DA:36,2
DA:37,2
DA:38,2
DA:39,1
DA:40,1
DA:41,1
DA:42,1
DA:43,1
DA:44,1
DA:45,1
DA:46,1
DA:47,1
DA:48,1
DA:49,1
DA:50,2
DA:51,2
DA:52,1
DA:53,1
DA:54,2
DA:55,1
DA:56,1
DA:57,1
DA:58,4
DA:59,4
DA:60,4
DA:61,4
DA:62,4
DA:63,4
DA:64,4
DA:65,4
DA:66,4
DA:67,4
DA:68,4
DA:69,4
DA:70,4
DA:71,4
DA:72,4
DA:73,4
DA:74,4
DA:75,4
DA:76,4
DA:77,4
DA:78,4
DA:79,4
DA:80,4
DA:81,3
DA:82,3
DA:83,3
DA:84,3
DA:85,3
DA:86,3
DA:87,4
DA:88,1
DA:89,1
DA:90,2
DA:91,2
DA:92,4
DA:93,1
DA:94,1
DA:95,1
DA:96,1
DA:97,1
DA:98,1
DA:99,1
DA:100,1
DA:101,1
DA:102,1
DA:103,1
DA:104,1
DA:105,1
DA:106,1
DA:107,1
LF:107
LH:105
BRDA:11,0,0,11
BRDA:13,1,0,11
BRDA:22,2,0,4
BRDA:32,3,0,2
BRDA:38,4,0,1
BRDA:50,5,0,0
BRDA:51,6,0,1
BRDA:57,7,0,4
BRDA:80,8,0,3
BRDA:87,9,0,1
BRDA:89,10,0,2
BRDA:95,11,0,1
BRF:12
BRH:11
end_of_record
TN:
SF:src/services/solanaTokenService.ts
FN:14,SolanaTokenService
FN:20,getTokenBalance
FN:36,recipientNeedsATA
FN:54,sendToken
FNF:4
FNH:4
FNDA:8,SolanaTokenService
FNDA:3,getTokenBalance
FNDA:2,recipientNeedsATA
FNDA:3,sendToken
DA:1,1
DA:2,1
DA:3,1
DA:4,1
DA:5,1
DA:6,1
DA:7,1
DA:8,1
DA:9,1
DA:10,1
DA:11,1
DA:12,1
DA:13,1
DA:14,1
DA:15,1
DA:16,1
DA:17,1
DA:18,1
DA:19,1
DA:20,1
DA:21,3
DA:22,3
DA:23,3
DA:24,3
DA:25,3
DA:26,3
DA:27,3
DA:28,1
DA:29,1
DA:30,3
DA:31,1
DA:32,1
DA:33,1
DA:34,1
DA:35,1
DA:36,1
DA:37,2
DA:38,2
DA:39,2
DA:40,2
DA:41,2
DA:42,1
DA:43,1
DA:44,1
DA:45,0
DA:46,0
DA:47,2
DA:48,1
DA:49,1
DA:50,1
DA:51,1
DA:52,1
DA:53,1
DA:54,1
DA:55,3
DA:56,3
DA:57,3
DA:58,3
DA:59,3
DA:60,3
DA:61,3
DA:62,3
DA:63,3
DA:64,3
DA:65,3
DA:66,3
DA:67,3
DA:68,3
DA:69,3
DA:70,3
DA:71,3
DA:72,3
DA:73,3
DA:74,3
DA:75,3
DA:76,3
DA:77,3
DA:78,1
DA:79,1
DA:80,1
DA:81,1
DA:82,1
DA:83,1
DA:84,1
DA:85,1
DA:86,1
DA:87,1
DA:88,0
DA:89,0
DA:90,1
DA:91,3
DA:92,3
DA:93,3
DA:94,3
DA:95,3
DA:96,3
DA:97,3
DA:98,3
DA:99,3
DA:100,3
DA:101,3
DA:102,3
DA:103,3
DA:104,3
DA:105,3
DA:106,3
DA:107,3
DA:108,3
DA:109,1
LF:109
LH:105
BRDA:14,0,0,8
BRDA:20,1,0,3
BRDA:25,2,0,2
BRDA:26,3,0,1
BRDA:27,4,0,1
BRDA:36,5,0,2
BRDA:41,6,0,1
BRDA:44,7,0,0
BRDA:54,8,0,3
BRDA:76,9,0,2
BRDA:77,10,0,1
BRDA:87,11,0,0
BRF:12
BRH:10
end_of_record
TN:
SF:src/utils/tokenStorage.ts
FN:17,getStorageKey
FN:21,addToken
FN:36,getTokenList
FN:49,removeToken
FNF:4
FNH:4
FNDA:45,getStorageKey
FNDA:13,addToken
FNDA:31,getTokenList
FNDA:2,removeToken
DA:1,1
DA:2,1
DA:3,1
DA:4,1
DA:5,1
DA:6,1
DA:7,1
DA:8,1
DA:9,1
DA:10,1
DA:11,1
DA:12,1
DA:13,1
DA:14,1
DA:15,1
DA:16,1
DA:17,45
DA:18,45
DA:19,45
DA:20,1
DA:21,1
DA:22,13
DA:23,13
DA:24,13
DA:25,13
DA:26,13
DA:27,13
DA:28,13
DA:29,13
DA:30,13
DA:31,12
DA:32,12
DA:33,12
DA:34,12
DA:35,1
DA:36,1
DA:37,31
DA:38,31
DA:39,31
DA:40,31
DA:41,31
DA:42,31
DA:43,17
DA:44,31
DA:45,0
DA:46,0
DA:47,31
DA:48,1
DA:49,1
DA:50,2
DA:51,2
DA:52,2
DA:53,2
DA:54,2
DA:55,2
DA:56,2
DA:57,2
DA:58,2
DA:59,2
LF:59
LH:57
BRDA:17,0,0,45
BRDA:21,1,0,13
BRDA:30,2,0,1
BRDA:30,3,0,12
BRDA:28,4,0,3
BRDA:36,5,0,31
BRDA:42,6,0,14
BRDA:42,7,0,17
BRDA:44,8,0,0
BRDA:49,9,0,2
BRDA:56,10,0,3
BRF:11
BRH:10
end_of_record
